# JRE version: OpenJDK Runtime Environment Temurin-21.0.7+6 (21.0.7+6) (build 21.0.7+6-LTS)
# Java VM: OpenJDK 64-Bit Server VM Temurin-21.0.7+6 (21.0.7+6-LTS, mixed mode, sharing, tiered, compressed oops, compressed class ptrs, g1 gc, linux-amd64)
Heap:
 garbage-first heap   total 712704K, used 233262K [0x000000070cc00000, 0x0000000800000000)
  region size 2048K, 19 young (38912K), 13 survivors (26624K)
 Metaspace       used 68570K, committed 69440K, reserved 1114112K
  class space    used 8472K, committed 8896K, reserved 1048576K
GC Heap History (20 events):
Event: 21,041 GC heap before
{Heap before GC invocations=27 (full 0):
 garbage-first heap   total 423936K, used 418768K [0x000000070cc00000, 0x0000000800000000)
  region size 2048K, 121 young (247808K), 8 survivors (16384K)
 Metaspace       used 67772K, committed 69120K, reserved 1114112K
  class space    used 8383K, committed 8896K, reserved 1048576K
}
Event: 21,058 GC heap after
{Heap after GC invocations=28 (full 0):
 garbage-first heap   total 540672K, used 163948K [0x000000070cc00000, 0x0000000800000000)
  region size 2048K, 12 young (24576K), 12 survivors (24576K)
 Metaspace       used 67772K, committed 69120K, reserved 1114112K
  class space    used 8383K, committed 8896K, reserved 1048576K
}
Event: 21,541 GC heap before
{Heap before GC invocations=28 (full 0):
 garbage-first heap   total 540672K, used 460908K [0x000000070cc00000, 0x0000000800000000)
  region size 2048K, 158 young (323584K), 12 survivors (24576K)
 Metaspace       used 67799K, committed 69120K, reserved 1114112K
  class space    used 8383K, committed 8896K, reserved 1048576K
}
Event: 21,554 GC heap after
{Heap after GC invocations=29 (full 0):
 garbage-first heap   total 540672K, used 148126K [0x000000070cc00000, 0x0000000800000000)
  region size 2048K, 11 young (22528K), 11 survivors (22528K)
 Metaspace       used 67799K, committed 69120K, reserved 1114112K
  class space    used 8383K, committed 8896K, reserved 1048576K
}
Event: 21,848 GC heap before
{Heap before GC invocations=30 (full 0):
 garbage-first heap   total 499712K, used 422558K [0x000000070cc00000, 0x0000000800000000)
  region size 2048K, 146 young (299008K), 11 survivors (22528K)
 Metaspace       used 67803K, committed 69120K, reserved 1114112K
  class space    used 8383K, committed 8896K, reserved 1048576K
}
Event: 21,855 GC heap after
{Heap after GC invocations=31 (full 0):
 garbage-first heap   total 499712K, used 157450K [0x000000070cc00000, 0x0000000800000000)
  region size 2048K, 13 young (26624K), 13 survivors (26624K)
 Metaspace       used 67803K, committed 69120K, reserved 1114112K
  class space    used 8383K, committed 8896K, reserved 1048576K
}
Event: 22,147 GC heap before
{Heap before GC invocations=31 (full 0):
 garbage-first heap   total 499712K, used 481034K [0x000000070cc00000, 0x0000000800000000)
  region size 2048K, 146 young (299008K), 13 survivors (26624K)
 Metaspace       used 67826K, committed 69120K, reserved 1114112K
  class space    used 8383K, committed 8896K, reserved 1048576K
}
Event: 22,162 GC heap after
{Heap after GC invocations=32 (full 0):
 garbage-first heap   total 512000K, used 151822K [0x000000070cc00000, 0x0000000800000000)
  region size 2048K, 10 young (20480K), 10 survivors (20480K)
 Metaspace       used 67826K, committed 69120K, reserved 1114112K
  class space    used 8383K, committed 8896K, reserved 1048576K
}
Event: 22,443 GC heap before
{Heap before GC invocations=32 (full 0):
 garbage-first heap   total 512000K, used 436494K [0x000000070cc00000, 0x0000000800000000)
  region size 2048K, 150 young (307200K), 10 survivors (20480K)
 Metaspace       used 67831K, committed 69120K, reserved 1114112K
  class space    used 8383K, committed 8896K, reserved 1048576K
}
Event: 22,448 GC heap after
{Heap after GC invocations=33 (full 0):
 garbage-first heap   total 512000K, used 161240K [0x000000070cc00000, 0x0000000800000000)
  region size 2048K, 14 young (28672K), 14 survivors (28672K)
 Metaspace       used 67831K, committed 69120K, reserved 1114112K
  class space    used 8383K, committed 8896K, reserved 1048576K
}
Event: 22,644 GC heap before
{Heap before GC invocations=34 (full 0):
 garbage-first heap   total 512000K, used 437720K [0x000000070cc00000, 0x0000000800000000)
  region size 2048K, 151 young (309248K), 14 survivors (28672K)
 Metaspace       used 67832K, committed 69120K, reserved 1114112K
  class space    used 8383K, committed 8896K, reserved 1048576K
}
Event: 22,656 GC heap after
{Heap after GC invocations=35 (full 0):
 garbage-first heap   total 512000K, used 162442K [0x000000070cc00000, 0x0000000800000000)
  region size 2048K, 10 young (20480K), 10 survivors (20480K)
 Metaspace       used 67832K, committed 69120K, reserved 1114112K
  class space    used 8383K, committed 8896K, reserved 1048576K
}
Event: 23,093 GC heap before
{Heap before GC invocations=35 (full 0):
 garbage-first heap   total 512000K, used 447114K [0x000000070cc00000, 0x0000000800000000)
  region size 2048K, 150 young (307200K), 10 survivors (20480K)
 Metaspace       used 67840K, committed 69120K, reserved 1114112K
  class space    used 8384K, committed 8896K, reserved 1048576K
}
Event: 23,107 GC heap after
{Heap after GC invocations=36 (full 0):
 garbage-first heap   total 712704K, used 168823K [0x000000070cc00000, 0x0000000800000000)
  region size 2048K, 16 young (32768K), 16 survivors (32768K)
 Metaspace       used 67840K, committed 69120K, reserved 1114112K
  class space    used 8384K, committed 8896K, reserved 1048576K
}
Event: 23,442 GC heap before
{Heap before GC invocations=36 (full 0):
 garbage-first heap   total 712704K, used 396151K [0x000000070cc00000, 0x0000000800000000)
  region size 2048K, 111 young (227328K), 16 survivors (32768K)
 Metaspace       used 67850K, committed 69120K, reserved 1114112K
  class space    used 8384K, committed 8896K, reserved 1048576K
}
Event: 23,450 GC heap after
{Heap after GC invocations=37 (full 0):
 garbage-first heap   total 712704K, used 194077K [0x000000070cc00000, 0x0000000800000000)
  region size 2048K, 17 young (34816K), 17 survivors (34816K)
 Metaspace       used 67850K, committed 69120K, reserved 1114112K
  class space    used 8384K, committed 8896K, reserved 1048576K
}
Event: 23,981 GC heap before
{Heap before GC invocations=37 (full 0):
 garbage-first heap   total 712704K, used 599581K [0x000000070cc00000, 0x0000000800000000)
  region size 2048K, 208 young (425984K), 17 survivors (34816K)
 Metaspace       used 67873K, committed 69120K, reserved 1114112K
  class space    used 8385K, committed 8896K, reserved 1048576K
}
Event: 23,993 GC heap after
{Heap after GC invocations=38 (full 0):
 garbage-first heap   total 712704K, used 183840K [0x000000070cc00000, 0x0000000800000000)
  region size 2048K, 17 young (34816K), 17 survivors (34816K)
 Metaspace       used 67873K, committed 69120K, reserved 1114112K
  class space    used 8385K, committed 8896K, reserved 1048576K
}
Event: 24,043 GC heap before
{Heap before GC invocations=38 (full 0):
 garbage-first heap   total 712704K, used 202272K [0x000000070cc00000, 0x0000000800000000)
  region size 2048K, 28 young (57344K), 17 survivors (34816K)
 Metaspace       used 67874K, committed 69120K, reserved 1114112K
  class space    used 8385K, committed 8896K, reserved 1048576K
}
Event: 24,049 GC heap after
{Heap after GC invocations=39 (full 0):
 garbage-first heap   total 712704K, used 184570K [0x000000070cc00000, 0x0000000800000000)
  region size 2048K, 13 young (26624K), 13 survivors (26624K)
 Metaspace       used 67874K, committed 69120K, reserved 1114112K
  class space    used 8385K, committed 8896K, reserved 1048576K
}

